PLINK v1.90b7 64-bit (16 Jan 2023)
Options in effect:
  --bfile ethRM
  --out cleaned
  --recode

Hostname: Tongs-MacBook-Air.local
Working directory: /Users/chenrong/AAGProject/Color_Blindness_Mini-GWAS/qc
Start time: Tue Apr 25 14:19:44 2023

Random number seed: 1682446784
8192 MB RAM detected; reserving 4096 MB for main workspace.
79261 variants loaded from .bim file.
328 people (206 males, 122 females) loaded from .fam.
328 phenotype values loaded from .fam.
Using 1 thread (no multithreaded calculations invoked).
Before main variant filters, 328 founders and 0 nonfounders present.
Calculating allele frequencies... done.
Total genotyping rate is 0.998213.
79261 variants and 328 people pass filters and QC.
Among remaining phenotypes, 17 are cases and 311 are controls.
--recode ped to cleaned.ped + cleaned.map ... done.

End time: Tue Apr 25 14:19:45 2023
